<?xml version="1.0" encoding="UTF-8"?>
<!-- Generated by org.testng.reporters.JUnitReportReporter -->
<testsuite hostname="DESKTOP-SAIL2E2" failures="0" tests="1" name="dummyTestPackage1.DemoTest" time="9.723" errors="0" timestamp="2025-05-09T10:31:53 IST" skipped="0">
  <testcase classname="dummyTestPackage1.DemoTest" name="m1" time="9.723"/>
  <system-out/>
</testsuite> <!-- dummyTestPackage1.DemoTest -->
