<?xml version="1.0" encoding="UTF-8"?>
<!-- Generated by org.testng.reporters.JUnitReportReporter -->
<testsuite hostname="DESKTOP-SAIL2E2" failures="0" tests="1" name="dummyTestPackage1.AddingProductTest" time="10.200" errors="0" timestamp="2025-05-09T12:01:42 IST" skipped="0">
  <testcase classname="dummyTestPackage1.AddingProductTest" name="AddingProductToTheCart" time="10.200"/>
  <system-out>
    <![CDATA[AddingProductToTheCart]]>
  </system-out>
</testsuite> <!-- dummyTestPackage1.AddingProductTest -->
